  MyForm.cpp
c:\users\forex\desktop\kursch\pr4\myform5.h(320): warning C4996: 'strcpy': This function or variable may be unsafe. Consider using strcpy_s instead. To disable deprecation, use _CRT_SECURE_NO_WARNINGS. See online help for details.
  e:\windows kits\10\include\10.0.17763.0\ucrt\string.h(133): note:  см. объявление "strcpy"
c:\users\forex\desktop\kursch\pr4\myform5.h(321): warning C4996: 'strcpy': This function or variable may be unsafe. Consider using strcpy_s instead. To disable deprecation, use _CRT_SECURE_NO_WARNINGS. See online help for details.
  e:\windows kits\10\include\10.0.17763.0\ucrt\string.h(133): note:  см. объявление "strcpy"
c:\users\forex\desktop\kursch\pr4\myform5.h(322): warning C4996: 'strcpy': This function or variable may be unsafe. Consider using strcpy_s instead. To disable deprecation, use _CRT_SECURE_NO_WARNINGS. See online help for details.
  e:\windows kits\10\include\10.0.17763.0\ucrt\string.h(133): note:  см. объявление "strcpy"
c:\users\forex\desktop\kursch\pr4\myform5.h(323): warning C4996: 'strcpy': This function or variable may be unsafe. Consider using strcpy_s instead. To disable deprecation, use _CRT_SECURE_NO_WARNINGS. See online help for details.
  e:\windows kits\10\include\10.0.17763.0\ucrt\string.h(133): note:  см. объявление "strcpy"
c:\users\forex\desktop\kursch\pr4\myform5.h(324): warning C4996: 'strcpy': This function or variable may be unsafe. Consider using strcpy_s instead. To disable deprecation, use _CRT_SECURE_NO_WARNINGS. See online help for details.
  e:\windows kits\10\include\10.0.17763.0\ucrt\string.h(133): note:  см. объявление "strcpy"
c:\users\forex\desktop\kursch\pr4\myform5.h(325): warning C4996: 'strcpy': This function or variable may be unsafe. Consider using strcpy_s instead. To disable deprecation, use _CRT_SECURE_NO_WARNINGS. See online help for details.
  e:\windows kits\10\include\10.0.17763.0\ucrt\string.h(133): note:  см. объявление "strcpy"
c:\users\forex\desktop\kursch\pr4\myform5.h(412): warning C4996: 'fopen': This function or variable may be unsafe. Consider using fopen_s instead. To disable deprecation, use _CRT_SECURE_NO_WARNINGS. See online help for details.
  e:\windows kits\10\include\10.0.17763.0\ucrt\stdio.h(208): note:  см. объявление "fopen"
c:\users\forex\desktop\kursch\pr4\myform5.h(446): warning C4244: =: преобразование "__int64" в "int", возможна потеря данных
c:\users\forex\desktop\kursch\pr4\myform5.h(440): warning C4996: 'strcpy': This function or variable may be unsafe. Consider using strcpy_s instead. To disable deprecation, use _CRT_SECURE_NO_WARNINGS. See online help for details.
  e:\windows kits\10\include\10.0.17763.0\ucrt\string.h(133): note:  см. объявление "strcpy"
c:\users\forex\desktop\kursch\pr4\myform5.h(441): warning C4996: 'strcpy': This function or variable may be unsafe. Consider using strcpy_s instead. To disable deprecation, use _CRT_SECURE_NO_WARNINGS. See online help for details.
  e:\windows kits\10\include\10.0.17763.0\ucrt\string.h(133): note:  см. объявление "strcpy"
c:\users\forex\desktop\kursch\pr4\myform5.h(442): warning C4996: 'strcpy': This function or variable may be unsafe. Consider using strcpy_s instead. To disable deprecation, use _CRT_SECURE_NO_WARNINGS. See online help for details.
  e:\windows kits\10\include\10.0.17763.0\ucrt\string.h(133): note:  см. объявление "strcpy"
c:\users\forex\desktop\kursch\pr4\myform5.h(443): warning C4996: 'strcpy': This function or variable may be unsafe. Consider using strcpy_s instead. To disable deprecation, use _CRT_SECURE_NO_WARNINGS. See online help for details.
  e:\windows kits\10\include\10.0.17763.0\ucrt\string.h(133): note:  см. объявление "strcpy"
c:\users\forex\desktop\kursch\pr4\myform5.h(444): warning C4996: 'strcpy': This function or variable may be unsafe. Consider using strcpy_s instead. To disable deprecation, use _CRT_SECURE_NO_WARNINGS. See online help for details.
  e:\windows kits\10\include\10.0.17763.0\ucrt\string.h(133): note:  см. объявление "strcpy"
c:\users\forex\desktop\kursch\pr4\myform5.h(445): warning C4996: 'strcpy': This function or variable may be unsafe. Consider using strcpy_s instead. To disable deprecation, use _CRT_SECURE_NO_WARNINGS. See online help for details.
  e:\windows kits\10\include\10.0.17763.0\ucrt\string.h(133): note:  см. объявление "strcpy"
c:\users\forex\desktop\kursch\pr4\myform5.h(450): warning C4996: 'strcpy': This function or variable may be unsafe. Consider using strcpy_s instead. To disable deprecation, use _CRT_SECURE_NO_WARNINGS. See online help for details.
  e:\windows kits\10\include\10.0.17763.0\ucrt\string.h(133): note:  см. объявление "strcpy"
c:\users\forex\desktop\kursch\pr4\myform5.h(451): warning C4996: 'strcpy': This function or variable may be unsafe. Consider using strcpy_s instead. To disable deprecation, use _CRT_SECURE_NO_WARNINGS. See online help for details.
  e:\windows kits\10\include\10.0.17763.0\ucrt\string.h(133): note:  см. объявление "strcpy"
c:\users\forex\desktop\kursch\pr4\myform5.h(452): warning C4996: 'strcpy': This function or variable may be unsafe. Consider using strcpy_s instead. To disable deprecation, use _CRT_SECURE_NO_WARNINGS. See online help for details.
  e:\windows kits\10\include\10.0.17763.0\ucrt\string.h(133): note:  см. объявление "strcpy"
c:\users\forex\desktop\kursch\pr4\myform5.h(453): warning C4996: 'strcpy': This function or variable may be unsafe. Consider using strcpy_s instead. To disable deprecation, use _CRT_SECURE_NO_WARNINGS. See online help for details.
  e:\windows kits\10\include\10.0.17763.0\ucrt\string.h(133): note:  см. объявление "strcpy"
c:\users\forex\desktop\kursch\pr4\myform5.h(454): warning C4996: 'strcpy': This function or variable may be unsafe. Consider using strcpy_s instead. To disable deprecation, use _CRT_SECURE_NO_WARNINGS. See online help for details.
  e:\windows kits\10\include\10.0.17763.0\ucrt\string.h(133): note:  см. объявление "strcpy"
c:\users\forex\desktop\kursch\pr4\myform5.h(455): warning C4996: 'strcpy': This function or variable may be unsafe. Consider using strcpy_s instead. To disable deprecation, use _CRT_SECURE_NO_WARNINGS. See online help for details.
  e:\windows kits\10\include\10.0.17763.0\ucrt\string.h(133): note:  см. объявление "strcpy"
c:\users\forex\desktop\kursch\pr4\myform5.h(458): warning C4996: 'fopen': This function or variable may be unsafe. Consider using fopen_s instead. To disable deprecation, use _CRT_SECURE_NO_WARNINGS. See online help for details.
  e:\windows kits\10\include\10.0.17763.0\ucrt\stdio.h(208): note:  см. объявление "fopen"
c:\users\forex\desktop\kursch\pr4\myform5.h(460): warning C4996: 'fopen': This function or variable may be unsafe. Consider using fopen_s instead. To disable deprecation, use _CRT_SECURE_NO_WARNINGS. See online help for details.
  e:\windows kits\10\include\10.0.17763.0\ucrt\stdio.h(208): note:  см. объявление "fopen"
c:\users\forex\desktop\kursch\pr4\myform5.h(470): warning C4996: 'fopen': This function or variable may be unsafe. Consider using fopen_s instead. To disable deprecation, use _CRT_SECURE_NO_WARNINGS. See online help for details.
  e:\windows kits\10\include\10.0.17763.0\ucrt\stdio.h(208): note:  см. объявление "fopen"
c:\users\forex\desktop\kursch\pr4\myform5.h(490): warning C4554: "|": проверьте приоритет операторов на ошибки; для уточнения приоритета используйте скобки
c:\users\forex\desktop\kursch\pr4\myform5.h(558): warning C4244: =: преобразование "__int64" в "int", возможна потеря данных
c:\users\forex\desktop\kursch\pr4\myform5.h(552): warning C4996: 'fopen': This function or variable may be unsafe. Consider using fopen_s instead. To disable deprecation, use _CRT_SECURE_NO_WARNINGS. See online help for details.
  e:\windows kits\10\include\10.0.17763.0\ucrt\stdio.h(208): note:  см. объявление "fopen"
c:\users\forex\desktop\kursch\pr4\myform5.h(553): warning C4996: 'fopen': This function or variable may be unsafe. Consider using fopen_s instead. To disable deprecation, use _CRT_SECURE_NO_WARNINGS. See online help for details.
  e:\windows kits\10\include\10.0.17763.0\ucrt\stdio.h(208): note:  см. объявление "fopen"
c:\users\forex\desktop\kursch\pr4\myform2.h(261): warning C4996: 'strcpy': This function or variable may be unsafe. Consider using strcpy_s instead. To disable deprecation, use _CRT_SECURE_NO_WARNINGS. See online help for details.
  e:\windows kits\10\include\10.0.17763.0\ucrt\string.h(133): note:  см. объявление "strcpy"
c:\users\forex\desktop\kursch\pr4\myform2.h(262): warning C4996: 'strcpy': This function or variable may be unsafe. Consider using strcpy_s instead. To disable deprecation, use _CRT_SECURE_NO_WARNINGS. See online help for details.
  e:\windows kits\10\include\10.0.17763.0\ucrt\string.h(133): note:  см. объявление "strcpy"
c:\users\forex\desktop\kursch\pr4\myform2.h(263): warning C4996: 'strcpy': This function or variable may be unsafe. Consider using strcpy_s instead. To disable deprecation, use _CRT_SECURE_NO_WARNINGS. See online help for details.
  e:\windows kits\10\include\10.0.17763.0\ucrt\string.h(133): note:  см. объявление "strcpy"
c:\users\forex\desktop\kursch\pr4\myform2.h(264): warning C4996: 'strcpy': This function or variable may be unsafe. Consider using strcpy_s instead. To disable deprecation, use _CRT_SECURE_NO_WARNINGS. See online help for details.
  e:\windows kits\10\include\10.0.17763.0\ucrt\string.h(133): note:  см. объявление "strcpy"
c:\users\forex\desktop\kursch\pr4\myform2.h(265): warning C4996: 'strcpy': This function or variable may be unsafe. Consider using strcpy_s instead. To disable deprecation, use _CRT_SECURE_NO_WARNINGS. See online help for details.
  e:\windows kits\10\include\10.0.17763.0\ucrt\string.h(133): note:  см. объявление "strcpy"
c:\users\forex\desktop\kursch\pr4\myform2.h(266): warning C4996: 'strcpy': This function or variable may be unsafe. Consider using strcpy_s instead. To disable deprecation, use _CRT_SECURE_NO_WARNINGS. See online help for details.
  e:\windows kits\10\include\10.0.17763.0\ucrt\string.h(133): note:  см. объявление "strcpy"
c:\users\forex\desktop\kursch\pr4\myform2.h(293): warning C4244: аргумент: преобразование "time_t" в "unsigned int", возможна потеря данных
c:\users\forex\desktop\kursch\pr4\myform2.h(368): warning C4996: 'fopen': This function or variable may be unsafe. Consider using fopen_s instead. To disable deprecation, use _CRT_SECURE_NO_WARNINGS. See online help for details.
  e:\windows kits\10\include\10.0.17763.0\ucrt\stdio.h(208): note:  см. объявление "fopen"
c:\users\forex\desktop\kursch\pr4\myform2.h(459): warning C4996: 'fopen': This function or variable may be unsafe. Consider using fopen_s instead. To disable deprecation, use _CRT_SECURE_NO_WARNINGS. See online help for details.
  e:\windows kits\10\include\10.0.17763.0\ucrt\stdio.h(208): note:  см. объявление "fopen"
c:\users\forex\desktop\kursch\pr4\myform2.h(474): warning C4996: 'fopen': This function or variable may be unsafe. Consider using fopen_s instead. To disable deprecation, use _CRT_SECURE_NO_WARNINGS. See online help for details.
  e:\windows kits\10\include\10.0.17763.0\ucrt\stdio.h(208): note:  см. объявление "fopen"
c:\users\forex\desktop\kursch\pr4\myform2.h(475): warning C4996: 'fopen': This function or variable may be unsafe. Consider using fopen_s instead. To disable deprecation, use _CRT_SECURE_NO_WARNINGS. See online help for details.
  e:\windows kits\10\include\10.0.17763.0\ucrt\stdio.h(208): note:  см. объявление "fopen"
c:\users\forex\desktop\kursch\pr4\myform2.h(499): warning C4996: 'fopen': This function or variable may be unsafe. Consider using fopen_s instead. To disable deprecation, use _CRT_SECURE_NO_WARNINGS. See online help for details.
  e:\windows kits\10\include\10.0.17763.0\ucrt\stdio.h(208): note:  см. объявление "fopen"
c:\users\forex\desktop\kursch\pr4\myform3.h(68): warning C4996: 'fopen': This function or variable may be unsafe. Consider using fopen_s instead. To disable deprecation, use _CRT_SECURE_NO_WARNINGS. See online help for details.
  e:\windows kits\10\include\10.0.17763.0\ucrt\stdio.h(208): note:  см. объявление "fopen"
c:\users\forex\desktop\kursch\pr4\myform4.h(87): warning C4996: 'fopen': This function or variable may be unsafe. Consider using fopen_s instead. To disable deprecation, use _CRT_SECURE_NO_WARNINGS. See online help for details.
  e:\windows kits\10\include\10.0.17763.0\ucrt\stdio.h(208): note:  см. объявление "fopen"
c:\users\forex\desktop\kursch\pr4\myform6.h(82): warning C4996: 'fopen': This function or variable may be unsafe. Consider using fopen_s instead. To disable deprecation, use _CRT_SECURE_NO_WARNINGS. See online help for details.
  e:\windows kits\10\include\10.0.17763.0\ucrt\stdio.h(208): note:  см. объявление "fopen"
c:\users\forex\desktop\kursch\pr4\myform.h(270): warning C4996: 'strcpy': This function or variable may be unsafe. Consider using strcpy_s instead. To disable deprecation, use _CRT_SECURE_NO_WARNINGS. See online help for details.
  e:\windows kits\10\include\10.0.17763.0\ucrt\string.h(133): note:  см. объявление "strcpy"
c:\users\forex\desktop\kursch\pr4\myform.h(271): warning C4996: 'strcpy': This function or variable may be unsafe. Consider using strcpy_s instead. To disable deprecation, use _CRT_SECURE_NO_WARNINGS. See online help for details.
  e:\windows kits\10\include\10.0.17763.0\ucrt\string.h(133): note:  см. объявление "strcpy"
c:\users\forex\desktop\kursch\pr4\myform.h(306): warning C4996: 'fopen': This function or variable may be unsafe. Consider using fopen_s instead. To disable deprecation, use _CRT_SECURE_NO_WARNINGS. See online help for details.
  e:\windows kits\10\include\10.0.17763.0\ucrt\stdio.h(208): note:  см. объявление "fopen"
c:\users\forex\desktop\kursch\pr4\myform.h(359): warning C4996: 'strcpy': This function or variable may be unsafe. Consider using strcpy_s instead. To disable deprecation, use _CRT_SECURE_NO_WARNINGS. See online help for details.
  e:\windows kits\10\include\10.0.17763.0\ucrt\string.h(133): note:  см. объявление "strcpy"
c:\users\forex\desktop\kursch\pr4\myform.h(360): warning C4996: 'strcpy': This function or variable may be unsafe. Consider using strcpy_s instead. To disable deprecation, use _CRT_SECURE_NO_WARNINGS. See online help for details.
  e:\windows kits\10\include\10.0.17763.0\ucrt\string.h(133): note:  см. объявление "strcpy"
c:\users\forex\desktop\kursch\pr4\myform.h(363): warning C4996: 'fopen': This function or variable may be unsafe. Consider using fopen_s instead. To disable deprecation, use _CRT_SECURE_NO_WARNINGS. See online help for details.
  e:\windows kits\10\include\10.0.17763.0\ucrt\stdio.h(208): note:  см. объявление "fopen"
c:\users\forex\desktop\kursch\pr4\myform.h(382): warning C4996: 'fopen': This function or variable may be unsafe. Consider using fopen_s instead. To disable deprecation, use _CRT_SECURE_NO_WARNINGS. See online help for details.
  e:\windows kits\10\include\10.0.17763.0\ucrt\stdio.h(208): note:  см. объявление "fopen"
c:\users\forex\desktop\kursch\pr4\myform.cpp(9): warning C4829: Возможно, неправильные параметры функции main. Рекомендуемый вариант - "int main(Platform::Array<Platform::String^>^ argv)"
  MyForm2.cpp
c:\users\forex\desktop\kursch\pr4\myform5.h(320): warning C4996: 'strcpy': This function or variable may be unsafe. Consider using strcpy_s instead. To disable deprecation, use _CRT_SECURE_NO_WARNINGS. See online help for details.
  e:\windows kits\10\include\10.0.17763.0\ucrt\string.h(133): note:  см. объявление "strcpy"
c:\users\forex\desktop\kursch\pr4\myform5.h(321): warning C4996: 'strcpy': This function or variable may be unsafe. Consider using strcpy_s instead. To disable deprecation, use _CRT_SECURE_NO_WARNINGS. See online help for details.
  e:\windows kits\10\include\10.0.17763.0\ucrt\string.h(133): note:  см. объявление "strcpy"
c:\users\forex\desktop\kursch\pr4\myform5.h(322): warning C4996: 'strcpy': This function or variable may be unsafe. Consider using strcpy_s instead. To disable deprecation, use _CRT_SECURE_NO_WARNINGS. See online help for details.
  e:\windows kits\10\include\10.0.17763.0\ucrt\string.h(133): note:  см. объявление "strcpy"
c:\users\forex\desktop\kursch\pr4\myform5.h(323): warning C4996: 'strcpy': This function or variable may be unsafe. Consider using strcpy_s instead. To disable deprecation, use _CRT_SECURE_NO_WARNINGS. See online help for details.
  e:\windows kits\10\include\10.0.17763.0\ucrt\string.h(133): note:  см. объявление "strcpy"
c:\users\forex\desktop\kursch\pr4\myform5.h(324): warning C4996: 'strcpy': This function or variable may be unsafe. Consider using strcpy_s instead. To disable deprecation, use _CRT_SECURE_NO_WARNINGS. See online help for details.
  e:\windows kits\10\include\10.0.17763.0\ucrt\string.h(133): note:  см. объявление "strcpy"
c:\users\forex\desktop\kursch\pr4\myform5.h(325): warning C4996: 'strcpy': This function or variable may be unsafe. Consider using strcpy_s instead. To disable deprecation, use _CRT_SECURE_NO_WARNINGS. See online help for details.
  e:\windows kits\10\include\10.0.17763.0\ucrt\string.h(133): note:  см. объявление "strcpy"
c:\users\forex\desktop\kursch\pr4\myform5.h(412): warning C4996: 'fopen': This function or variable may be unsafe. Consider using fopen_s instead. To disable deprecation, use _CRT_SECURE_NO_WARNINGS. See online help for details.
  e:\windows kits\10\include\10.0.17763.0\ucrt\stdio.h(208): note:  см. объявление "fopen"
c:\users\forex\desktop\kursch\pr4\myform5.h(446): warning C4244: =: преобразование "__int64" в "int", возможна потеря данных
c:\users\forex\desktop\kursch\pr4\myform5.h(440): warning C4996: 'strcpy': This function or variable may be unsafe. Consider using strcpy_s instead. To disable deprecation, use _CRT_SECURE_NO_WARNINGS. See online help for details.
  e:\windows kits\10\include\10.0.17763.0\ucrt\string.h(133): note:  см. объявление "strcpy"
c:\users\forex\desktop\kursch\pr4\myform5.h(441): warning C4996: 'strcpy': This function or variable may be unsafe. Consider using strcpy_s instead. To disable deprecation, use _CRT_SECURE_NO_WARNINGS. See online help for details.
  e:\windows kits\10\include\10.0.17763.0\ucrt\string.h(133): note:  см. объявление "strcpy"
c:\users\forex\desktop\kursch\pr4\myform5.h(442): warning C4996: 'strcpy': This function or variable may be unsafe. Consider using strcpy_s instead. To disable deprecation, use _CRT_SECURE_NO_WARNINGS. See online help for details.
  e:\windows kits\10\include\10.0.17763.0\ucrt\string.h(133): note:  см. объявление "strcpy"
c:\users\forex\desktop\kursch\pr4\myform5.h(443): warning C4996: 'strcpy': This function or variable may be unsafe. Consider using strcpy_s instead. To disable deprecation, use _CRT_SECURE_NO_WARNINGS. See online help for details.
  e:\windows kits\10\include\10.0.17763.0\ucrt\string.h(133): note:  см. объявление "strcpy"
c:\users\forex\desktop\kursch\pr4\myform5.h(444): warning C4996: 'strcpy': This function or variable may be unsafe. Consider using strcpy_s instead. To disable deprecation, use _CRT_SECURE_NO_WARNINGS. See online help for details.
  e:\windows kits\10\include\10.0.17763.0\ucrt\string.h(133): note:  см. объявление "strcpy"
c:\users\forex\desktop\kursch\pr4\myform5.h(445): warning C4996: 'strcpy': This function or variable may be unsafe. Consider using strcpy_s instead. To disable deprecation, use _CRT_SECURE_NO_WARNINGS. See online help for details.
  e:\windows kits\10\include\10.0.17763.0\ucrt\string.h(133): note:  см. объявление "strcpy"
c:\users\forex\desktop\kursch\pr4\myform5.h(450): warning C4996: 'strcpy': This function or variable may be unsafe. Consider using strcpy_s instead. To disable deprecation, use _CRT_SECURE_NO_WARNINGS. See online help for details.
  e:\windows kits\10\include\10.0.17763.0\ucrt\string.h(133): note:  см. объявление "strcpy"
c:\users\forex\desktop\kursch\pr4\myform5.h(451): warning C4996: 'strcpy': This function or variable may be unsafe. Consider using strcpy_s instead. To disable deprecation, use _CRT_SECURE_NO_WARNINGS. See online help for details.
  e:\windows kits\10\include\10.0.17763.0\ucrt\string.h(133): note:  см. объявление "strcpy"
c:\users\forex\desktop\kursch\pr4\myform5.h(452): warning C4996: 'strcpy': This function or variable may be unsafe. Consider using strcpy_s instead. To disable deprecation, use _CRT_SECURE_NO_WARNINGS. See online help for details.
  e:\windows kits\10\include\10.0.17763.0\ucrt\string.h(133): note:  см. объявление "strcpy"
c:\users\forex\desktop\kursch\pr4\myform5.h(453): warning C4996: 'strcpy': This function or variable may be unsafe. Consider using strcpy_s instead. To disable deprecation, use _CRT_SECURE_NO_WARNINGS. See online help for details.
  e:\windows kits\10\include\10.0.17763.0\ucrt\string.h(133): note:  см. объявление "strcpy"
c:\users\forex\desktop\kursch\pr4\myform5.h(454): warning C4996: 'strcpy': This function or variable may be unsafe. Consider using strcpy_s instead. To disable deprecation, use _CRT_SECURE_NO_WARNINGS. See online help for details.
  e:\windows kits\10\include\10.0.17763.0\ucrt\string.h(133): note:  см. объявление "strcpy"
c:\users\forex\desktop\kursch\pr4\myform5.h(455): warning C4996: 'strcpy': This function or variable may be unsafe. Consider using strcpy_s instead. To disable deprecation, use _CRT_SECURE_NO_WARNINGS. See online help for details.
  e:\windows kits\10\include\10.0.17763.0\ucrt\string.h(133): note:  см. объявление "strcpy"
c:\users\forex\desktop\kursch\pr4\myform5.h(458): warning C4996: 'fopen': This function or variable may be unsafe. Consider using fopen_s instead. To disable deprecation, use _CRT_SECURE_NO_WARNINGS. See online help for details.
  e:\windows kits\10\include\10.0.17763.0\ucrt\stdio.h(208): note:  см. объявление "fopen"
c:\users\forex\desktop\kursch\pr4\myform5.h(460): warning C4996: 'fopen': This function or variable may be unsafe. Consider using fopen_s instead. To disable deprecation, use _CRT_SECURE_NO_WARNINGS. See online help for details.
  e:\windows kits\10\include\10.0.17763.0\ucrt\stdio.h(208): note:  см. объявление "fopen"
c:\users\forex\desktop\kursch\pr4\myform5.h(470): warning C4996: 'fopen': This function or variable may be unsafe. Consider using fopen_s instead. To disable deprecation, use _CRT_SECURE_NO_WARNINGS. See online help for details.
  e:\windows kits\10\include\10.0.17763.0\ucrt\stdio.h(208): note:  см. объявление "fopen"
c:\users\forex\desktop\kursch\pr4\myform5.h(490): warning C4554: "|": проверьте приоритет операторов на ошибки; для уточнения приоритета используйте скобки
c:\users\forex\desktop\kursch\pr4\myform5.h(558): warning C4244: =: преобразование "__int64" в "int", возможна потеря данных
c:\users\forex\desktop\kursch\pr4\myform5.h(552): warning C4996: 'fopen': This function or variable may be unsafe. Consider using fopen_s instead. To disable deprecation, use _CRT_SECURE_NO_WARNINGS. See online help for details.
  e:\windows kits\10\include\10.0.17763.0\ucrt\stdio.h(208): note:  см. объявление "fopen"
c:\users\forex\desktop\kursch\pr4\myform5.h(553): warning C4996: 'fopen': This function or variable may be unsafe. Consider using fopen_s instead. To disable deprecation, use _CRT_SECURE_NO_WARNINGS. See online help for details.
  e:\windows kits\10\include\10.0.17763.0\ucrt\stdio.h(208): note:  см. объявление "fopen"
c:\users\forex\desktop\kursch\pr4\myform2.h(261): warning C4996: 'strcpy': This function or variable may be unsafe. Consider using strcpy_s instead. To disable deprecation, use _CRT_SECURE_NO_WARNINGS. See online help for details.
  e:\windows kits\10\include\10.0.17763.0\ucrt\string.h(133): note:  см. объявление "strcpy"
c:\users\forex\desktop\kursch\pr4\myform2.h(262): warning C4996: 'strcpy': This function or variable may be unsafe. Consider using strcpy_s instead. To disable deprecation, use _CRT_SECURE_NO_WARNINGS. See online help for details.
  e:\windows kits\10\include\10.0.17763.0\ucrt\string.h(133): note:  см. объявление "strcpy"
c:\users\forex\desktop\kursch\pr4\myform2.h(263): warning C4996: 'strcpy': This function or variable may be unsafe. Consider using strcpy_s instead. To disable deprecation, use _CRT_SECURE_NO_WARNINGS. See online help for details.
  e:\windows kits\10\include\10.0.17763.0\ucrt\string.h(133): note:  см. объявление "strcpy"
c:\users\forex\desktop\kursch\pr4\myform2.h(264): warning C4996: 'strcpy': This function or variable may be unsafe. Consider using strcpy_s instead. To disable deprecation, use _CRT_SECURE_NO_WARNINGS. See online help for details.
  e:\windows kits\10\include\10.0.17763.0\ucrt\string.h(133): note:  см. объявление "strcpy"
c:\users\forex\desktop\kursch\pr4\myform2.h(265): warning C4996: 'strcpy': This function or variable may be unsafe. Consider using strcpy_s instead. To disable deprecation, use _CRT_SECURE_NO_WARNINGS. See online help for details.
  e:\windows kits\10\include\10.0.17763.0\ucrt\string.h(133): note:  см. объявление "strcpy"
c:\users\forex\desktop\kursch\pr4\myform2.h(266): warning C4996: 'strcpy': This function or variable may be unsafe. Consider using strcpy_s instead. To disable deprecation, use _CRT_SECURE_NO_WARNINGS. See online help for details.
  e:\windows kits\10\include\10.0.17763.0\ucrt\string.h(133): note:  см. объявление "strcpy"
c:\users\forex\desktop\kursch\pr4\myform2.h(293): warning C4244: аргумент: преобразование "time_t" в "unsigned int", возможна потеря данных
c:\users\forex\desktop\kursch\pr4\myform2.h(368): warning C4996: 'fopen': This function or variable may be unsafe. Consider using fopen_s instead. To disable deprecation, use _CRT_SECURE_NO_WARNINGS. See online help for details.
  e:\windows kits\10\include\10.0.17763.0\ucrt\stdio.h(208): note:  см. объявление "fopen"
c:\users\forex\desktop\kursch\pr4\myform2.h(459): warning C4996: 'fopen': This function or variable may be unsafe. Consider using fopen_s instead. To disable deprecation, use _CRT_SECURE_NO_WARNINGS. See online help for details.
  e:\windows kits\10\include\10.0.17763.0\ucrt\stdio.h(208): note:  см. объявление "fopen"
c:\users\forex\desktop\kursch\pr4\myform2.h(474): warning C4996: 'fopen': This function or variable may be unsafe. Consider using fopen_s instead. To disable deprecation, use _CRT_SECURE_NO_WARNINGS. See online help for details.
  e:\windows kits\10\include\10.0.17763.0\ucrt\stdio.h(208): note:  см. объявление "fopen"
c:\users\forex\desktop\kursch\pr4\myform2.h(475): warning C4996: 'fopen': This function or variable may be unsafe. Consider using fopen_s instead. To disable deprecation, use _CRT_SECURE_NO_WARNINGS. See online help for details.
  e:\windows kits\10\include\10.0.17763.0\ucrt\stdio.h(208): note:  см. объявление "fopen"
c:\users\forex\desktop\kursch\pr4\myform2.h(499): warning C4996: 'fopen': This function or variable may be unsafe. Consider using fopen_s instead. To disable deprecation, use _CRT_SECURE_NO_WARNINGS. See online help for details.
  e:\windows kits\10\include\10.0.17763.0\ucrt\stdio.h(208): note:  см. объявление "fopen"
  MyForm5.cpp
c:\users\forex\desktop\kursch\pr4\myform5.h(320): warning C4996: 'strcpy': This function or variable may be unsafe. Consider using strcpy_s instead. To disable deprecation, use _CRT_SECURE_NO_WARNINGS. See online help for details.
  e:\windows kits\10\include\10.0.17763.0\ucrt\string.h(133): note:  см. объявление "strcpy"
c:\users\forex\desktop\kursch\pr4\myform5.h(321): warning C4996: 'strcpy': This function or variable may be unsafe. Consider using strcpy_s instead. To disable deprecation, use _CRT_SECURE_NO_WARNINGS. See online help for details.
  e:\windows kits\10\include\10.0.17763.0\ucrt\string.h(133): note:  см. объявление "strcpy"
c:\users\forex\desktop\kursch\pr4\myform5.h(322): warning C4996: 'strcpy': This function or variable may be unsafe. Consider using strcpy_s instead. To disable deprecation, use _CRT_SECURE_NO_WARNINGS. See online help for details.
  e:\windows kits\10\include\10.0.17763.0\ucrt\string.h(133): note:  см. объявление "strcpy"
c:\users\forex\desktop\kursch\pr4\myform5.h(323): warning C4996: 'strcpy': This function or variable may be unsafe. Consider using strcpy_s instead. To disable deprecation, use _CRT_SECURE_NO_WARNINGS. See online help for details.
  e:\windows kits\10\include\10.0.17763.0\ucrt\string.h(133): note:  см. объявление "strcpy"
c:\users\forex\desktop\kursch\pr4\myform5.h(324): warning C4996: 'strcpy': This function or variable may be unsafe. Consider using strcpy_s instead. To disable deprecation, use _CRT_SECURE_NO_WARNINGS. See online help for details.
  e:\windows kits\10\include\10.0.17763.0\ucrt\string.h(133): note:  см. объявление "strcpy"
c:\users\forex\desktop\kursch\pr4\myform5.h(325): warning C4996: 'strcpy': This function or variable may be unsafe. Consider using strcpy_s instead. To disable deprecation, use _CRT_SECURE_NO_WARNINGS. See online help for details.
  e:\windows kits\10\include\10.0.17763.0\ucrt\string.h(133): note:  см. объявление "strcpy"
c:\users\forex\desktop\kursch\pr4\myform5.h(412): warning C4996: 'fopen': This function or variable may be unsafe. Consider using fopen_s instead. To disable deprecation, use _CRT_SECURE_NO_WARNINGS. See online help for details.
  e:\windows kits\10\include\10.0.17763.0\ucrt\stdio.h(208): note:  см. объявление "fopen"
c:\users\forex\desktop\kursch\pr4\myform5.h(446): warning C4244: =: преобразование "__int64" в "int", возможна потеря данных
c:\users\forex\desktop\kursch\pr4\myform5.h(440): warning C4996: 'strcpy': This function or variable may be unsafe. Consider using strcpy_s instead. To disable deprecation, use _CRT_SECURE_NO_WARNINGS. See online help for details.
  e:\windows kits\10\include\10.0.17763.0\ucrt\string.h(133): note:  см. объявление "strcpy"
c:\users\forex\desktop\kursch\pr4\myform5.h(441): warning C4996: 'strcpy': This function or variable may be unsafe. Consider using strcpy_s instead. To disable deprecation, use _CRT_SECURE_NO_WARNINGS. See online help for details.
  e:\windows kits\10\include\10.0.17763.0\ucrt\string.h(133): note:  см. объявление "strcpy"
c:\users\forex\desktop\kursch\pr4\myform5.h(442): warning C4996: 'strcpy': This function or variable may be unsafe. Consider using strcpy_s instead. To disable deprecation, use _CRT_SECURE_NO_WARNINGS. See online help for details.
  e:\windows kits\10\include\10.0.17763.0\ucrt\string.h(133): note:  см. объявление "strcpy"
c:\users\forex\desktop\kursch\pr4\myform5.h(443): warning C4996: 'strcpy': This function or variable may be unsafe. Consider using strcpy_s instead. To disable deprecation, use _CRT_SECURE_NO_WARNINGS. See online help for details.
  e:\windows kits\10\include\10.0.17763.0\ucrt\string.h(133): note:  см. объявление "strcpy"
c:\users\forex\desktop\kursch\pr4\myform5.h(444): warning C4996: 'strcpy': This function or variable may be unsafe. Consider using strcpy_s instead. To disable deprecation, use _CRT_SECURE_NO_WARNINGS. See online help for details.
  e:\windows kits\10\include\10.0.17763.0\ucrt\string.h(133): note:  см. объявление "strcpy"
c:\users\forex\desktop\kursch\pr4\myform5.h(445): warning C4996: 'strcpy': This function or variable may be unsafe. Consider using strcpy_s instead. To disable deprecation, use _CRT_SECURE_NO_WARNINGS. See online help for details.
  e:\windows kits\10\include\10.0.17763.0\ucrt\string.h(133): note:  см. объявление "strcpy"
c:\users\forex\desktop\kursch\pr4\myform5.h(450): warning C4996: 'strcpy': This function or variable may be unsafe. Consider using strcpy_s instead. To disable deprecation, use _CRT_SECURE_NO_WARNINGS. See online help for details.
  e:\windows kits\10\include\10.0.17763.0\ucrt\string.h(133): note:  см. объявление "strcpy"
c:\users\forex\desktop\kursch\pr4\myform5.h(451): warning C4996: 'strcpy': This function or variable may be unsafe. Consider using strcpy_s instead. To disable deprecation, use _CRT_SECURE_NO_WARNINGS. See online help for details.
  e:\windows kits\10\include\10.0.17763.0\ucrt\string.h(133): note:  см. объявление "strcpy"
c:\users\forex\desktop\kursch\pr4\myform5.h(452): warning C4996: 'strcpy': This function or variable may be unsafe. Consider using strcpy_s instead. To disable deprecation, use _CRT_SECURE_NO_WARNINGS. See online help for details.
  e:\windows kits\10\include\10.0.17763.0\ucrt\string.h(133): note:  см. объявление "strcpy"
c:\users\forex\desktop\kursch\pr4\myform5.h(453): warning C4996: 'strcpy': This function or variable may be unsafe. Consider using strcpy_s instead. To disable deprecation, use _CRT_SECURE_NO_WARNINGS. See online help for details.
  e:\windows kits\10\include\10.0.17763.0\ucrt\string.h(133): note:  см. объявление "strcpy"
c:\users\forex\desktop\kursch\pr4\myform5.h(454): warning C4996: 'strcpy': This function or variable may be unsafe. Consider using strcpy_s instead. To disable deprecation, use _CRT_SECURE_NO_WARNINGS. See online help for details.
  e:\windows kits\10\include\10.0.17763.0\ucrt\string.h(133): note:  см. объявление "strcpy"
c:\users\forex\desktop\kursch\pr4\myform5.h(455): warning C4996: 'strcpy': This function or variable may be unsafe. Consider using strcpy_s instead. To disable deprecation, use _CRT_SECURE_NO_WARNINGS. See online help for details.
  e:\windows kits\10\include\10.0.17763.0\ucrt\string.h(133): note:  см. объявление "strcpy"
c:\users\forex\desktop\kursch\pr4\myform5.h(458): warning C4996: 'fopen': This function or variable may be unsafe. Consider using fopen_s instead. To disable deprecation, use _CRT_SECURE_NO_WARNINGS. See online help for details.
  e:\windows kits\10\include\10.0.17763.0\ucrt\stdio.h(208): note:  см. объявление "fopen"
c:\users\forex\desktop\kursch\pr4\myform5.h(460): warning C4996: 'fopen': This function or variable may be unsafe. Consider using fopen_s instead. To disable deprecation, use _CRT_SECURE_NO_WARNINGS. See online help for details.
  e:\windows kits\10\include\10.0.17763.0\ucrt\stdio.h(208): note:  см. объявление "fopen"
c:\users\forex\desktop\kursch\pr4\myform5.h(470): warning C4996: 'fopen': This function or variable may be unsafe. Consider using fopen_s instead. To disable deprecation, use _CRT_SECURE_NO_WARNINGS. See online help for details.
  e:\windows kits\10\include\10.0.17763.0\ucrt\stdio.h(208): note:  см. объявление "fopen"
c:\users\forex\desktop\kursch\pr4\myform5.h(490): warning C4554: "|": проверьте приоритет операторов на ошибки; для уточнения приоритета используйте скобки
c:\users\forex\desktop\kursch\pr4\myform5.h(558): warning C4244: =: преобразование "__int64" в "int", возможна потеря данных
c:\users\forex\desktop\kursch\pr4\myform5.h(552): warning C4996: 'fopen': This function or variable may be unsafe. Consider using fopen_s instead. To disable deprecation, use _CRT_SECURE_NO_WARNINGS. See online help for details.
  e:\windows kits\10\include\10.0.17763.0\ucrt\stdio.h(208): note:  см. объявление "fopen"
c:\users\forex\desktop\kursch\pr4\myform5.h(553): warning C4996: 'fopen': This function or variable may be unsafe. Consider using fopen_s instead. To disable deprecation, use _CRT_SECURE_NO_WARNINGS. See online help for details.
  e:\windows kits\10\include\10.0.17763.0\ucrt\stdio.h(208): note:  см. объявление "fopen"
  Создание кода...
c:\users\forex\desktop\kursch\pr4\myform2.h(350): warning C4715: Pr4::MyForm2::who_Checked: значение возвращается не при всех путях выполнения
c:\users\forex\desktop\kursch\pr4\myform2.h(350): warning C4715: Pr4::MyForm2::who_Checked: значение возвращается не при всех путях выполнения
  MyForm.obj : /DEBUG:FASTLINK не поддерживается, если присутствует управляемый код; выполняется перезапуск компоновки с /DEBUG:FULL
  MyForm.obj : юсэрЁєцхэ ьюфєы№ MSIL; фы  MSIL яюёыхфютрЄхы№эр  ъюьяюэютър юЄъы■ўхэр; т√яюыэ хЄё  яюыэр  ъюьяюэютър
  Pr4.vcxproj -> C:\Users\forex\Desktop\Kursch\Debug\Pr4.exe
